<?xml version="1.0" encoding="UTF-8"?>
<!-- Generated by org.testng.reporters.JUnitReportReporter -->
<testsuite skipped="0" hostname="ip-172-31-22-48" name="test.CardTest" tests="1" failures="0" timestamp="2022-09-13T14:45:42 UTC" time="0.002" errors="0">
  <testcase name="CCTest" time="0.002" classname="test.CardTest"/>
  <system-out/>
</testsuite> <!-- test.CardTest -->
